<?xml version="1.0" encoding="UTF-8"?>
<testng-results skipped="0" failed="1" ignored="0" total="1" passed="0">
  <reporter-output>
    <line>
      <![CDATA[<div style="display:block;margin-left:10px;"><div  class="teststeppass"><span class="teststeppass-label">T </span>Given user opens contact manager</div><div  class="teststepfail"><span class="teststepfail-label">T </span>And open add contact screen <a href="../img/Add New Contact_2m1czesg68d537550.png" target="_blank">[View Screenshot]</a> </div><div style="display:block;margin-left:10px;"><div  class="fail"><span class="fail-label">F </span>Timed out after 20 seconds: Wait time out for Add COntact Button to be present
Build info: version: '2.53.0', revision: '35ae25b1534ae328c771e0856c93e187490ca824', time: '2016-03-15 10:43:46'
System info: host: 'ICPL11948', ip: '10.11.28.217', os.name: 'Windows 8', os.arch: 'amd64', os.version: '6.2', java.version: '1.8.0_111'
Driver info: driver.version: unknown</div></div><div  class="teststep"><span class="teststep-label">T </span>And generate random contact data</div><div  class="teststep"><span class="teststep-label">T </span>And store into 'new.contact'</div><div  class="teststep"><span class="teststep-label">T </span>When fill contact details form with '${new.contact}'</div><div  class="teststep"><span class="teststep-label">T </span>And click on 'save button'</div><div  class="teststep"><span class="teststep-label">T </span>Then verify contact '${new.contact}' is displayed in list</div></div>]]>
    </line>
  </reporter-output>
  <suite name="QAS Demo" duration-ms="41633" started-at="2017-05-05T13:33:40Z" finished-at="2017-05-05T13:34:22Z">
    <groups>
      <group name="SMOKE">
        <method signature="scenarios.suite1.bdd.Add New Contact()[pri:1000, instance:com.qmetry.qaf.automation.step.client.Scenario@3e8]" name="Add New Contact" class="com.qmetry.qaf.automation.step.client.Scenario"/>
      </group> <!-- SMOKE -->
    </groups>
    <test name="Appium Contact Manager" duration-ms="41633" started-at="2017-05-05T13:33:40Z" finished-at="2017-05-05T13:34:22Z">
      <class name="com.qmetry.qaf.automation.step.client.Scenario">
        <test-method status="PASS" signature="setupSuit(org.testng.ITestContext)[pri:0, instance:com.qmetry.qaf.automation.step.client.Scenario@3e8]" test-instance-name="Add New Contact" name="setupSuit" is-config="true" duration-ms="18" started-at="2017-05-05T19:03:40Z" finished-at="2017-05-05T19:03:40Z">
          <params>
            <param index="0">
              <value>
                <![CDATA[org.testng.TestRunner@635eaaf1]]>
              </value>
            </param>
          </params>
          <reporter-output>
          </reporter-output>
        </test-method> <!-- setupSuit -->
        <test-method status="PASS" signature="setupTest(org.testng.ITestContext)[pri:0, instance:com.qmetry.qaf.automation.step.client.Scenario@3e8]" test-instance-name="Add New Contact" name="setupTest" is-config="true" duration-ms="4" started-at="2017-05-05T19:03:40Z" finished-at="2017-05-05T19:03:40Z">
          <params>
            <param index="0">
              <value>
                <![CDATA[org.testng.TestRunner@635eaaf1]]>
              </value>
            </param>
          </params>
          <reporter-output>
          </reporter-output>
        </test-method> <!-- setupTest -->
        <test-method status="PASS" signature="setup(org.testng.ITestContext)[pri:0, instance:com.qmetry.qaf.automation.step.client.Scenario@3e8]" test-instance-name="Add New Contact" name="setup" is-config="true" duration-ms="1" started-at="2017-05-05T19:03:40Z" finished-at="2017-05-05T19:03:40Z">
          <params>
            <param index="0">
              <value>
                <![CDATA[org.testng.TestRunner@635eaaf1]]>
              </value>
            </param>
          </params>
          <reporter-output>
          </reporter-output>
        </test-method> <!-- setup -->
        <test-method status="PASS" signature="setupMethod(java.lang.reflect.Method, org.testng.ITestContext)[pri:0, instance:com.qmetry.qaf.automation.step.client.Scenario@3e8]" test-instance-name="Add New Contact" name="setupMethod" is-config="true" duration-ms="1" started-at="2017-05-05T19:03:40Z" finished-at="2017-05-05T19:03:40Z">
          <params>
            <param index="0">
              <value>
                <![CDATA[public void com.qmetry.qaf.automation.step.client.Scenario.scenario()]]>
              </value>
            </param>
            <param index="1">
              <value>
                <![CDATA[org.testng.TestRunner@635eaaf1]]>
              </value>
            </param>
          </params>
          <reporter-output>
          </reporter-output>
        </test-method> <!-- setupMethod -->
        <test-method status="FAIL" signature="Add New Contact()[pri:1000, instance:com.qmetry.qaf.automation.step.client.Scenario@3e8]" test-instance-name="Add New Contact" name="Add New Contact" duration-ms="34215" started-at="2017-05-05T19:03:40Z" description="Add Contact And Verify" finished-at="2017-05-05T19:04:15Z">
          <exception class="org.openqa.selenium.TimeoutException">
            <message>
              <![CDATA[Timed out after 20 seconds: Wait time out for Add COntact Button to be present
Build info: version: '2.53.0', revision: '35ae25b1534ae328c771e0856c93e187490ca824', time: '2016-03-15 10:43:46'
System info: host: 'ICPL11948', ip: '10.11.28.217', os.name: 'Windows 8', os.arch: 'amd64', os.version: '6.2', java.version: '1.8.0_111'
Driver info: driver.version: unknown]]>
            </message>
            <full-stacktrace>
              <![CDATA[org.openqa.selenium.TimeoutException: Timed out after 20 seconds: Wait time out for Add COntact Button to be present
Build info: version: '2.53.0', revision: '35ae25b1534ae328c771e0856c93e187490ca824', time: '2016-03-15 10:43:46'
System info: host: 'ICPL11948', ip: '10.11.28.217', os.name: 'Windows 8', os.arch: 'amd64', os.version: '6.2', java.version: '1.8.0_111'
Driver info: driver.version: unknown
	at .And open add contact screen(scenarios/suite1.bdd:7)
	at org.openqa.selenium.support.ui.FluentWait.timeoutException(FluentWait.java:292)
	at org.openqa.selenium.support.ui.FluentWait.until(FluentWait.java:261)
	at com.qmetry.qaf.automation.ui.webdriver.QAFExtendedWebElement.waitForPresent(QAFExtendedWebElement.java:502)
	at com.example.android.contactmanager.pages.AddContactScreen.launchPage_aroundBody0(AddContactScreen.java:49)
	at com.qmetry.qaf.automation.step.JavaStepReporter.javaTestStep(JavaStepReporter.java:101)
	at com.example.android.contactmanager.pages.AddContactScreen.launchPage(AddContactScreen.java:46)
	at com.qmetry.qaf.automation.step.JavaStep.doExecute(JavaStep.java:160)
	at com.qmetry.qaf.automation.step.BaseTestStep.execute(BaseTestStep.java:149)
	at com.qmetry.qaf.automation.step.StringTestStep.execute(StringTestStep.java:134)
	at com.qmetry.qaf.automation.step.client.Scenario.execute(Scenario.java:167)
	at com.qmetry.qaf.automation.step.client.Scenario.scenario(Scenario.java:219)
Caused by: java.lang.NullPointerException
	at org.openqa.selenium.remote.RemoteWebDriver.findElements(RemoteWebDriver.java:390)
	at org.openqa.selenium.remote.RemoteWebDriver.findElementsByName(RemoteWebDriver.java:469)
	at org.openqa.selenium.By$ByName.findElements(By.java:295)
	at org.openqa.selenium.remote.RemoteWebDriver.findElements(RemoteWebDriver.java:351)
	at com.qmetry.qaf.automation.ui.webdriver.QAFExtendedWebElement.isPresent(QAFExtendedWebElement.java:337)
	at com.qmetry.qaf.automation.ui.util.QAFWebElementExpectedConditions$2.apply(QAFWebElementExpectedConditions.java:55)
	at com.qmetry.qaf.automation.ui.util.QAFWebElementExpectedConditions$2.apply(QAFWebElementExpectedConditions.java:1)
	at org.openqa.selenium.support.ui.FluentWait.until(FluentWait.java:238)
	at com.qmetry.qaf.automation.ui.webdriver.QAFExtendedWebElement.waitForPresent(QAFExtendedWebElement.java:502)
	at com.example.android.contactmanager.pages.AddContactScreen.launchPage_aroundBody0(AddContactScreen.java:49)
	at com.example.android.contactmanager.pages.AddContactScreen$AjcClosure1.run(AddContactScreen.java:1)
	at org.aspectj.runtime.reflect.JoinPointImpl.proceed(JoinPointImpl.java:149)
	at com.qmetry.qaf.automation.step.JavaStepReporter.javaTestStep(JavaStepReporter.java:101)
	at com.example.android.contactmanager.pages.AddContactScreen.launchPage(AddContactScreen.java:46)
	at sun.reflect.NativeMethodAccessorImpl.invoke0(Native Method)
	at sun.reflect.NativeMethodAccessorImpl.invoke(NativeMethodAccessorImpl.java:62)
	at sun.reflect.DelegatingMethodAccessorImpl.invoke(DelegatingMethodAccessorImpl.java:43)
	at java.lang.reflect.Method.invoke(Method.java:498)
	at com.qmetry.qaf.automation.step.JavaStep.doExecute(JavaStep.java:160)
	at com.qmetry.qaf.automation.step.BaseTestStep.execute(BaseTestStep.java:149)
	at com.qmetry.qaf.automation.step.StringTestStep.execute(StringTestStep.java:134)
	at com.qmetry.qaf.automation.step.client.Scenario.execute(Scenario.java:167)
	at com.qmetry.qaf.automation.step.client.Scenario.scenario(Scenario.java:219)
	at sun.reflect.NativeMethodAccessorImpl.invoke0(Native Method)
	at sun.reflect.NativeMethodAccessorImpl.invoke(NativeMethodAccessorImpl.java:62)
	at sun.reflect.DelegatingMethodAccessorImpl.invoke(DelegatingMethodAccessorImpl.java:43)
	at java.lang.reflect.Method.invoke(Method.java:498)
	at org.testng.internal.MethodInvocationHelper.invokeMethod(MethodInvocationHelper.java:104)
	at org.testng.internal.Invoker.invokeMethod(Invoker.java:645)
	at org.testng.internal.Invoker.invokeTestMethod(Invoker.java:851)
	at org.testng.internal.Invoker.invokeTestMethods(Invoker.java:1177)
	at org.testng.internal.TestMethodWorker.invokeTestMethods(TestMethodWorker.java:129)
	at org.testng.internal.TestMethodWorker.run(TestMethodWorker.java:112)
	at org.testng.TestRunner.privateRun(TestRunner.java:781)
	at org.testng.TestRunner.run(TestRunner.java:635)
	at org.testng.SuiteRunner.runTest(SuiteRunner.java:387)
	at org.testng.SuiteRunner.runSequentially(SuiteRunner.java:382)
	at org.testng.SuiteRunner.privateRun(SuiteRunner.java:340)
	at org.testng.SuiteRunner.run(SuiteRunner.java:289)
	at org.testng.SuiteRunnerWorker.runSuite(SuiteRunnerWorker.java:52)
	at org.testng.SuiteRunnerWorker.run(SuiteRunnerWorker.java:86)
	at org.testng.TestNG.runSuitesSequentially(TestNG.java:1293)
	at org.testng.TestNG.runSuitesLocally(TestNG.java:1218)
	at org.testng.TestNG.runSuites(TestNG.java:1133)
	at org.testng.TestNG.run(TestNG.java:1104)
	at org.testng.TestNG.privateMain(TestNG.java:1434)
	at org.testng.TestNG.main(TestNG.java:1403)
]]>
            </full-stacktrace>
          </exception> <!-- org.openqa.selenium.TimeoutException -->
          <reporter-output>
            <line>
              <![CDATA[<div style="display:block;margin-left:10px;"><div  class="teststeppass"><span class="teststeppass-label">T </span>Given user opens contact manager</div><div  class="teststepfail"><span class="teststepfail-label">T </span>And open add contact screen <a href="../img/Add New Contact_2m1czesg68d537550.png" target="_blank">[View Screenshot]</a> </div><div style="display:block;margin-left:10px;"><div  class="fail"><span class="fail-label">F </span>Timed out after 20 seconds: Wait time out for Add COntact Button to be present
Build info: version: '2.53.0', revision: '35ae25b1534ae328c771e0856c93e187490ca824', time: '2016-03-15 10:43:46'
System info: host: 'ICPL11948', ip: '10.11.28.217', os.name: 'Windows 8', os.arch: 'amd64', os.version: '6.2', java.version: '1.8.0_111'
Driver info: driver.version: unknown</div></div><div  class="teststep"><span class="teststep-label">T </span>And generate random contact data</div><div  class="teststep"><span class="teststep-label">T </span>And store into 'new.contact'</div><div  class="teststep"><span class="teststep-label">T </span>When fill contact details form with '${new.contact}'</div><div  class="teststep"><span class="teststep-label">T </span>And click on 'save button'</div><div  class="teststep"><span class="teststep-label">T </span>Then verify contact '${new.contact}' is displayed in list</div></div>]]>
            </line>
          </reporter-output>
        </test-method> <!-- Add New Contact -->
        <test-method status="PASS" signature="afterMethod(org.testng.ITestContext, org.testng.ITestResult)[pri:0, instance:com.qmetry.qaf.automation.step.client.Scenario@3e8]" test-instance-name="Add New Contact" name="afterMethod" is-config="true" duration-ms="8" started-at="2017-05-05T19:04:19Z" finished-at="2017-05-05T19:04:19Z">
          <params>
            <param index="0">
              <value>
                <![CDATA[org.testng.TestRunner@635eaaf1]]>
              </value>
            </param>
            <param index="1">
              <value>
                <![CDATA[[TestResult name=Add New Contact status=FAILURE method=scenarios.suite1.bdd.Add New Contact()[pri:1000, instance:com.qmetry.qaf.automation.step.client.Scenario@3e8] output=<div style="display:block;margin-left:10px;"><div  class="teststeppass"><span class="teststeppass-label">T </span>Given user opens contact manager</div><div  class="teststepfail"><span class="teststepfail-label">T </span>And open add contact screen <a href="../img/Add New Contact_2m1czesg68d537550.png" target="_blank">[View Screenshot]</a> </div><div style="display:block;margin-left:10px;"><div  class="fail"><span class="fail-label">F </span>Timed out after 20 seconds: Wait time out for Add COntact Button to be present
Build info: version: '2.53.0', revision: '35ae25b1534ae328c771e0856c93e187490ca824', time: '2016-03-15 10:43:46'
System info: host: 'ICPL11948', ip: '10.11.28.217', os.name: 'Windows 8', os.arch: 'amd64', os.version: '6.2', java.version: '1.8.0_111'
Driver info: driver.version: unknown</div></div><div  class="teststep"><span class="teststep-label">T </span>And generate random contact data</div><div  class="teststep"><span class="teststep-label">T </span>And store into 'new.contact'</div><div  class="teststep"><span class="teststep-label">T </span>When fill contact details form with '${new.contact}'</div><div  class="teststep"><span class="teststep-label">T </span>And click on 'save button'</div><div  class="teststep"><span class="teststep-label">T </span>Then verify contact '${new.contact}' is displayed in list</div></div>]]]>
              </value>
            </param>
          </params>
          <reporter-output>
          </reporter-output>
        </test-method> <!-- afterMethod -->
        <test-method status="PASS" signature="afterClass(org.testng.ITestContext)[pri:0, instance:com.qmetry.qaf.automation.step.client.Scenario@3e8]" test-instance-name="Add New Contact" name="afterClass" is-config="true" duration-ms="2" started-at="2017-05-05T19:04:19Z" finished-at="2017-05-05T19:04:19Z">
          <params>
            <param index="0">
              <value>
                <![CDATA[org.testng.TestRunner@635eaaf1]]>
              </value>
            </param>
          </params>
          <reporter-output>
          </reporter-output>
        </test-method> <!-- afterClass -->
        <test-method status="PASS" signature="afterTest(org.testng.ITestContext)[pri:0, instance:com.qmetry.qaf.automation.step.client.Scenario@3e8]" test-instance-name="Add New Contact" name="afterTest" is-config="true" duration-ms="2987" started-at="2017-05-05T19:04:19Z" finished-at="2017-05-05T19:04:22Z">
          <params>
            <param index="0">
              <value>
                <![CDATA[org.testng.TestRunner@635eaaf1]]>
              </value>
            </param>
          </params>
          <reporter-output>
          </reporter-output>
        </test-method> <!-- afterTest -->
        <test-method status="PASS" signature="afterSuit(org.testng.ITestContext)[pri:0, instance:com.qmetry.qaf.automation.step.client.Scenario@3e8]" test-instance-name="Add New Contact" name="afterSuit" is-config="true" duration-ms="1" started-at="2017-05-05T19:04:22Z" finished-at="2017-05-05T19:04:22Z">
          <params>
            <param index="0">
              <value>
                <![CDATA[org.testng.TestRunner@635eaaf1]]>
              </value>
            </param>
          </params>
          <reporter-output>
          </reporter-output>
        </test-method> <!-- afterSuit -->
      </class> <!-- com.qmetry.qaf.automation.step.client.Scenario -->
    </test> <!-- Appium Contact Manager -->
  </suite> <!-- QAS Demo -->
</testng-results>
