<?xml version="1.0" encoding="UTF-8"?>
<testng-results skipped="0" failed="0" ignored="0" total="1" passed="1">
  <reporter-output>
    <line>
      <![CDATA[<div style="display:block;margin-left:10px;"><div  class="teststeppass"><span class="teststeppass-label">T </span>Given user opens contact manager</div><div  class="teststeppass"><span class="teststeppass-label">T </span>And open add contact screen</div><div  class="teststeppass"><span class="teststeppass-label">T </span>And generate random contact data</div><div  class="teststeppass"><span class="teststeppass-label">T </span>And store into 'new.contact'</div><div  class="teststeppass"><span class="teststeppass-label">T </span>When fill contact details form with '[email : o0IlM@infostretch.com,name : 3YbQD3,phone : (191) 141 3710]'</div><div  class="teststeppass"><span class="teststeppass-label">T </span>And click on 'save button'</div></div>]]>
    </line>
  </reporter-output>
  <suite name="QAS Demo" duration-ms="47050" started-at="2017-05-09T01:42:28Z" finished-at="2017-05-09T01:43:15Z">
    <groups>
      <group name="SMOKE">
        <method signature="scenarios.suite1.bdd.Add New Contact()[pri:1000, instance:com.qmetry.qaf.automation.step.client.Scenario@3e8]" name="Add New Contact" class="com.qmetry.qaf.automation.step.client.Scenario"/>
      </group> <!-- SMOKE -->
    </groups>
    <test name="Appium Contact Manager" duration-ms="47050" started-at="2017-05-09T01:42:28Z" finished-at="2017-05-09T01:43:15Z">
      <class name="com.qmetry.qaf.automation.step.client.Scenario">
        <test-method status="PASS" signature="setupSuit(org.testng.ITestContext)[pri:0, instance:com.qmetry.qaf.automation.step.client.Scenario@3e8]" test-instance-name="Add New Contact" name="setupSuit" is-config="true" duration-ms="21" started-at="2017-05-09T07:12:27Z" finished-at="2017-05-09T07:12:28Z">
          <params>
            <param index="0">
              <value>
                <![CDATA[org.testng.TestRunner@635eaaf1]]>
              </value>
            </param>
          </params>
          <reporter-output>
          </reporter-output>
        </test-method> <!-- setupSuit -->
        <test-method status="PASS" signature="setupTest(org.testng.ITestContext)[pri:0, instance:com.qmetry.qaf.automation.step.client.Scenario@3e8]" test-instance-name="Add New Contact" name="setupTest" is-config="true" duration-ms="3" started-at="2017-05-09T07:12:28Z" finished-at="2017-05-09T07:12:28Z">
          <params>
            <param index="0">
              <value>
                <![CDATA[org.testng.TestRunner@635eaaf1]]>
              </value>
            </param>
          </params>
          <reporter-output>
          </reporter-output>
        </test-method> <!-- setupTest -->
        <test-method status="PASS" signature="setup(org.testng.ITestContext)[pri:0, instance:com.qmetry.qaf.automation.step.client.Scenario@3e8]" test-instance-name="Add New Contact" name="setup" is-config="true" duration-ms="1" started-at="2017-05-09T07:12:28Z" finished-at="2017-05-09T07:12:28Z">
          <params>
            <param index="0">
              <value>
                <![CDATA[org.testng.TestRunner@635eaaf1]]>
              </value>
            </param>
          </params>
          <reporter-output>
          </reporter-output>
        </test-method> <!-- setup -->
        <test-method status="PASS" signature="Add New Contact()[pri:1000, instance:com.qmetry.qaf.automation.step.client.Scenario@3e8]" test-instance-name="Add New Contact" name="Add New Contact" duration-ms="44671" started-at="2017-05-09T07:12:28Z" description="Add Contact And Verify" finished-at="2017-05-09T07:13:12Z">
          <reporter-output>
            <line>
              <![CDATA[<div style="display:block;margin-left:10px;"><div  class="teststeppass"><span class="teststeppass-label">T </span>Given user opens contact manager</div><div  class="teststeppass"><span class="teststeppass-label">T </span>And open add contact screen</div><div  class="teststeppass"><span class="teststeppass-label">T </span>And generate random contact data</div><div  class="teststeppass"><span class="teststeppass-label">T </span>And store into 'new.contact'</div><div  class="teststeppass"><span class="teststeppass-label">T </span>When fill contact details form with '[email : o0IlM@infostretch.com,name : 3YbQD3,phone : (191) 141 3710]'</div><div  class="teststeppass"><span class="teststeppass-label">T </span>And click on 'save button'</div></div>]]>
            </line>
          </reporter-output>
        </test-method> <!-- Add New Contact -->
        <test-method status="PASS" signature="setupMethod(java.lang.reflect.Method, org.testng.ITestContext)[pri:0, instance:com.qmetry.qaf.automation.step.client.Scenario@3e8]" test-instance-name="Add New Contact" name="setupMethod" is-config="true" duration-ms="0" started-at="2017-05-09T07:12:28Z" finished-at="2017-05-09T07:12:28Z">
          <params>
            <param index="0">
              <value>
                <![CDATA[public void com.qmetry.qaf.automation.step.client.Scenario.scenario()]]>
              </value>
            </param>
            <param index="1">
              <value>
                <![CDATA[org.testng.TestRunner@635eaaf1]]>
              </value>
            </param>
          </params>
          <reporter-output>
          </reporter-output>
        </test-method> <!-- setupMethod -->
        <test-method status="PASS" signature="afterMethod(org.testng.ITestContext, org.testng.ITestResult)[pri:0, instance:com.qmetry.qaf.automation.step.client.Scenario@3e8]" test-instance-name="Add New Contact" name="afterMethod" is-config="true" duration-ms="0" started-at="2017-05-09T07:13:12Z" finished-at="2017-05-09T07:13:12Z">
          <params>
            <param index="0">
              <value>
                <![CDATA[org.testng.TestRunner@635eaaf1]]>
              </value>
            </param>
            <param index="1">
              <value>
                <![CDATA[[TestResult name=Add New Contact status=SUCCESS method=scenarios.suite1.bdd.Add New Contact()[pri:1000, instance:com.qmetry.qaf.automation.step.client.Scenario@3e8] output=<div style="display:block;margin-left:10px;"><div  class="teststeppass"><span class="teststeppass-label">T </span>Given user opens contact manager</div><div  class="teststeppass"><span class="teststeppass-label">T </span>And open add contact screen</div><div  class="teststeppass"><span class="teststeppass-label">T </span>And generate random contact data</div><div  class="teststeppass"><span class="teststeppass-label">T </span>And store into 'new.contact'</div><div  class="teststeppass"><span class="teststeppass-label">T </span>When fill contact details form with '[email : o0IlM@infostretch.com,name : 3YbQD3,phone : (191) 141 3710]'</div><div  class="teststeppass"><span class="teststeppass-label">T </span>And click on 'save button'</div></div>]]]>
              </value>
            </param>
          </params>
          <reporter-output>
          </reporter-output>
        </test-method> <!-- afterMethod -->
        <test-method status="PASS" signature="afterClass(org.testng.ITestContext)[pri:0, instance:com.qmetry.qaf.automation.step.client.Scenario@3e8]" test-instance-name="Add New Contact" name="afterClass" is-config="true" duration-ms="1" started-at="2017-05-09T07:13:12Z" finished-at="2017-05-09T07:13:12Z">
          <params>
            <param index="0">
              <value>
                <![CDATA[org.testng.TestRunner@635eaaf1]]>
              </value>
            </param>
          </params>
          <reporter-output>
          </reporter-output>
        </test-method> <!-- afterClass -->
        <test-method status="PASS" signature="afterTest(org.testng.ITestContext)[pri:0, instance:com.qmetry.qaf.automation.step.client.Scenario@3e8]" test-instance-name="Add New Contact" name="afterTest" is-config="true" duration-ms="2318" started-at="2017-05-09T07:13:12Z" finished-at="2017-05-09T07:13:15Z">
          <params>
            <param index="0">
              <value>
                <![CDATA[org.testng.TestRunner@635eaaf1]]>
              </value>
            </param>
          </params>
          <reporter-output>
          </reporter-output>
        </test-method> <!-- afterTest -->
        <test-method status="PASS" signature="afterSuit(org.testng.ITestContext)[pri:0, instance:com.qmetry.qaf.automation.step.client.Scenario@3e8]" test-instance-name="Add New Contact" name="afterSuit" is-config="true" duration-ms="2" started-at="2017-05-09T07:13:15Z" finished-at="2017-05-09T07:13:15Z">
          <params>
            <param index="0">
              <value>
                <![CDATA[org.testng.TestRunner@635eaaf1]]>
              </value>
            </param>
          </params>
          <reporter-output>
          </reporter-output>
        </test-method> <!-- afterSuit -->
      </class> <!-- com.qmetry.qaf.automation.step.client.Scenario -->
    </test> <!-- Appium Contact Manager -->
  </suite> <!-- QAS Demo -->
</testng-results>
