<?xml version="1.0" encoding="UTF-8"?>
<testng-results skipped="0" failed="1" ignored="0" total="1" passed="0">
  <reporter-output>
    <line>
      <![CDATA[<div style="display:block;margin-left:10px;"><div  class="teststeppass"><span class="teststeppass-label">T </span>Given user opens contact manager</div><div  class="teststeppass"><span class="teststeppass-label">T </span>And open add contact screen</div><div  class="teststeppass"><span class="teststeppass-label">T </span>And generate random contact data</div><div  class="teststeppass"><span class="teststeppass-label">T </span>And store into 'new.contact'</div><div  class="teststeppass"><span class="teststeppass-label">T </span>When fill contact details form with '[email : C860B@infostretch.com,name : GA6y2v,phone : (455) 806 7769]'</div><div  class="teststeppass"><span class="teststeppass-label">T </span>And click on 'save button'</div><div  class="teststepfail"><span class="teststepfail-label">T </span>Then verify contact '[email : C860B@infostretch.com,name : GA6y2v,phone : (455) 806 7769]' is displayed in list <a href="test-results/09_May_2017_12_34_AM/img/Add New Contact_1sf5jie1nx9cs27717.png" target="_blank">[View Screenshot]</a> </div><div style="display:block;margin-left:10px;"><div  class="teststepfail"><span class="teststepfail-label">T </span>verify contact with name 'GA6y2v' is displayed in list</div><div style="display:block;margin-left:10px;"><div  class="fail"><span class="fail-label">F </span>java.lang.NullPointerException</div></div><div  class="fail"><span class="fail-label">F </span>null</div></div></div>]]>
    </line>
  </reporter-output>
  <suite name="AppiumDemoContactManager.scenarios.suite1.bdd" duration-ms="62195" started-at="2017-05-08T19:04:50Z" finished-at="2017-05-08T19:05:52Z">
    <groups>
      <group name="SMOKE">
        <method signature="scenarios.suite1.bdd.Add New Contact()[pri:1000, instance:com.qmetry.qaf.automation.step.client.Scenario@3e8]" name="Add New Contact" class="com.qmetry.qaf.automation.step.client.Scenario"/>
      </group> <!-- SMOKE -->
    </groups>
    <test name="BDD Test" duration-ms="62195" started-at="2017-05-08T19:04:50Z" finished-at="2017-05-08T19:05:52Z">
      <class name="com.qmetry.qaf.automation.step.client.Scenario">
        <test-method status="PASS" signature="setupSuit(org.testng.ITestContext)[pri:0, instance:com.qmetry.qaf.automation.step.client.Scenario@3e8]" test-instance-name="Add New Contact" name="setupSuit" is-config="true" duration-ms="37" started-at="2017-05-09T00:34:50Z" finished-at="2017-05-09T00:34:50Z">
          <params>
            <param index="0">
              <value>
                <![CDATA[org.testng.TestRunner@61df66b6]]>
              </value>
            </param>
          </params>
          <reporter-output>
          </reporter-output>
        </test-method> <!-- setupSuit -->
        <test-method status="PASS" signature="setupTest(org.testng.ITestContext)[pri:0, instance:com.qmetry.qaf.automation.step.client.Scenario@3e8]" test-instance-name="Add New Contact" name="setupTest" is-config="true" duration-ms="3" started-at="2017-05-09T00:34:50Z" finished-at="2017-05-09T00:34:50Z">
          <params>
            <param index="0">
              <value>
                <![CDATA[org.testng.TestRunner@61df66b6]]>
              </value>
            </param>
          </params>
          <reporter-output>
          </reporter-output>
        </test-method> <!-- setupTest -->
        <test-method status="PASS" signature="setup(org.testng.ITestContext)[pri:0, instance:com.qmetry.qaf.automation.step.client.Scenario@3e8]" test-instance-name="Add New Contact" name="setup" is-config="true" duration-ms="1" started-at="2017-05-09T00:34:50Z" finished-at="2017-05-09T00:34:50Z">
          <params>
            <param index="0">
              <value>
                <![CDATA[org.testng.TestRunner@61df66b6]]>
              </value>
            </param>
          </params>
          <reporter-output>
          </reporter-output>
        </test-method> <!-- setup -->
        <test-method status="PASS" signature="setupMethod(java.lang.reflect.Method, org.testng.ITestContext)[pri:0, instance:com.qmetry.qaf.automation.step.client.Scenario@3e8]" test-instance-name="Add New Contact" name="setupMethod" is-config="true" duration-ms="2" started-at="2017-05-09T00:34:50Z" finished-at="2017-05-09T00:34:50Z">
          <params>
            <param index="0">
              <value>
                <![CDATA[public void com.qmetry.qaf.automation.step.client.Scenario.scenario()]]>
              </value>
            </param>
            <param index="1">
              <value>
                <![CDATA[org.testng.TestRunner@61df66b6]]>
              </value>
            </param>
          </params>
          <reporter-output>
          </reporter-output>
        </test-method> <!-- setupMethod -->
        <test-method status="FAIL" signature="Add New Contact()[pri:1000, instance:com.qmetry.qaf.automation.step.client.Scenario@3e8]" test-instance-name="Add New Contact" name="Add New Contact" duration-ms="55878" started-at="2017-05-09T00:34:50Z" description="Add Contact And Verify" finished-at="2017-05-09T00:35:46Z">
          <exception class="java.lang.NullPointerException">
            <full-stacktrace>
              <![CDATA[java.lang.NullPointerException
	at .Then verify contact '${new.contact}' is displayed in list(scenarios/suite1.bdd:12)
	at org.openqa.selenium.remote.RemoteWebDriver.findElement(RemoteWebDriver.java:365)
	at org.openqa.selenium.remote.RemoteWebDriver.findElementByXPath(RemoteWebDriver.java:500)
	at com.qmetry.qaf.automation.ui.webdriver.QAFExtendedWebDriver.findElementByXPath(QAFExtendedWebDriver.java:398)
	at com.qmetry.qaf.automation.ui.webdriver.QAFExtendedWebDriver.findElementByXPath(QAFExtendedWebDriver.java:1)
	at org.openqa.selenium.By$ByXPath.findElement(By.java:361)
	at org.openqa.selenium.remote.RemoteWebDriver.findElement(RemoteWebDriver.java:355)
	at com.qmetry.qaf.automation.ui.webdriver.QAFExtendedWebDriver.findElement(QAFExtendedWebDriver.java:169)
	at com.example.android.contactmanager.steps.StepsLibrary.isContactPresent(StepsLibrary.java:58)
	at com.example.android.contactmanager.steps.StepsLibrary.verifyContact_aroundBody6(StepsLibrary.java:37)
	at com.qmetry.qaf.automation.step.JavaStepReporter$MockJavaStep.doExecute(JavaStepReporter.java:138)
	at com.qmetry.qaf.automation.step.BaseTestStep.execute(BaseTestStep.java:149)
	at com.qmetry.qaf.automation.step.JavaStepReporter.javaTestStep(JavaStepReporter.java:88)
	at com.example.android.contactmanager.steps.StepsLibrary.verifyContact(StepsLibrary.java:35)
	at com.example.android.contactmanager.steps.StepsLibrary.verifyContactFromBean_aroundBody4(StepsLibrary.java:31)
	at com.qmetry.qaf.automation.step.JavaStepReporter.javaTestStep(JavaStepReporter.java:101)
	at com.example.android.contactmanager.steps.StepsLibrary.verifyContactFromBean(StepsLibrary.java:30)
	at com.qmetry.qaf.automation.step.JavaStep.doExecute(JavaStep.java:160)
	at com.qmetry.qaf.automation.step.BaseTestStep.execute(BaseTestStep.java:149)
	at com.qmetry.qaf.automation.step.StringTestStep.execute(StringTestStep.java:134)
	at com.qmetry.qaf.automation.step.client.Scenario.execute(Scenario.java:167)
	at com.qmetry.qaf.automation.step.client.Scenario.scenario(Scenario.java:219)
]]>
            </full-stacktrace>
          </exception> <!-- java.lang.NullPointerException -->
          <reporter-output>
            <line>
              <![CDATA[<div style="display:block;margin-left:10px;"><div  class="teststeppass"><span class="teststeppass-label">T </span>Given user opens contact manager</div><div  class="teststeppass"><span class="teststeppass-label">T </span>And open add contact screen</div><div  class="teststeppass"><span class="teststeppass-label">T </span>And generate random contact data</div><div  class="teststeppass"><span class="teststeppass-label">T </span>And store into 'new.contact'</div><div  class="teststeppass"><span class="teststeppass-label">T </span>When fill contact details form with '[email : C860B@infostretch.com,name : GA6y2v,phone : (455) 806 7769]'</div><div  class="teststeppass"><span class="teststeppass-label">T </span>And click on 'save button'</div><div  class="teststepfail"><span class="teststepfail-label">T </span>Then verify contact '[email : C860B@infostretch.com,name : GA6y2v,phone : (455) 806 7769]' is displayed in list <a href="test-results/09_May_2017_12_34_AM/img/Add New Contact_1sf5jie1nx9cs27717.png" target="_blank">[View Screenshot]</a> </div><div style="display:block;margin-left:10px;"><div  class="teststepfail"><span class="teststepfail-label">T </span>verify contact with name 'GA6y2v' is displayed in list</div><div style="display:block;margin-left:10px;"><div  class="fail"><span class="fail-label">F </span>java.lang.NullPointerException</div></div><div  class="fail"><span class="fail-label">F </span>null</div></div></div>]]>
            </line>
          </reporter-output>
        </test-method> <!-- Add New Contact -->
        <test-method status="PASS" signature="afterMethod(org.testng.ITestContext, org.testng.ITestResult)[pri:0, instance:com.qmetry.qaf.automation.step.client.Scenario@3e8]" test-instance-name="Add New Contact" name="afterMethod" is-config="true" duration-ms="1" started-at="2017-05-09T00:35:50Z" finished-at="2017-05-09T00:35:50Z">
          <params>
            <param index="0">
              <value>
                <![CDATA[org.testng.TestRunner@61df66b6]]>
              </value>
            </param>
            <param index="1">
              <value>
                <![CDATA[[TestResult name=Add New Contact status=FAILURE method=scenarios.suite1.bdd.Add New Contact()[pri:1000, instance:com.qmetry.qaf.automation.step.client.Scenario@3e8] output=<div style="display:block;margin-left:10px;"><div  class="teststeppass"><span class="teststeppass-label">T </span>Given user opens contact manager</div><div  class="teststeppass"><span class="teststeppass-label">T </span>And open add contact screen</div><div  class="teststeppass"><span class="teststeppass-label">T </span>And generate random contact data</div><div  class="teststeppass"><span class="teststeppass-label">T </span>And store into 'new.contact'</div><div  class="teststeppass"><span class="teststeppass-label">T </span>When fill contact details form with '[email : C860B@infostretch.com,name : GA6y2v,phone : (455) 806 7769]'</div><div  class="teststeppass"><span class="teststeppass-label">T </span>And click on 'save button'</div><div  class="teststepfail"><span class="teststepfail-label">T </span>Then verify contact '[email : C860B@infostretch.com,name : GA6y2v,phone : (455) 806 7769]' is displayed in list <a href="test-results/09_May_2017_12_34_AM/img/Add New Contact_1sf5jie1nx9cs27717.png" target="_blank">[View Screenshot]</a> </div><div style="display:block;margin-left:10px;"><div  class="teststepfail"><span class="teststepfail-label">T </span>verify contact with name 'GA6y2v' is displayed in list</div><div style="display:block;margin-left:10px;"><div  class="fail"><span class="fail-label">F </span>java.lang.NullPointerException</div></div><div  class="fail"><span class="fail-label">F </span>null</div></div></div>]]]>
              </value>
            </param>
          </params>
          <reporter-output>
          </reporter-output>
        </test-method> <!-- afterMethod -->
        <test-method status="PASS" signature="afterClass(org.testng.ITestContext)[pri:0, instance:com.qmetry.qaf.automation.step.client.Scenario@3e8]" test-instance-name="Add New Contact" name="afterClass" is-config="true" duration-ms="1" started-at="2017-05-09T00:35:50Z" finished-at="2017-05-09T00:35:50Z">
          <params>
            <param index="0">
              <value>
                <![CDATA[org.testng.TestRunner@61df66b6]]>
              </value>
            </param>
          </params>
          <reporter-output>
          </reporter-output>
        </test-method> <!-- afterClass -->
        <test-method status="PASS" signature="afterTest(org.testng.ITestContext)[pri:0, instance:com.qmetry.qaf.automation.step.client.Scenario@3e8]" test-instance-name="Add New Contact" name="afterTest" is-config="true" duration-ms="2340" started-at="2017-05-09T00:35:50Z" finished-at="2017-05-09T00:35:52Z">
          <params>
            <param index="0">
              <value>
                <![CDATA[org.testng.TestRunner@61df66b6]]>
              </value>
            </param>
          </params>
          <reporter-output>
          </reporter-output>
        </test-method> <!-- afterTest -->
        <test-method status="PASS" signature="afterSuit(org.testng.ITestContext)[pri:0, instance:com.qmetry.qaf.automation.step.client.Scenario@3e8]" test-instance-name="Add New Contact" name="afterSuit" is-config="true" duration-ms="1" started-at="2017-05-09T00:35:52Z" finished-at="2017-05-09T00:35:52Z">
          <params>
            <param index="0">
              <value>
                <![CDATA[org.testng.TestRunner@61df66b6]]>
              </value>
            </param>
          </params>
          <reporter-output>
          </reporter-output>
        </test-method> <!-- afterSuit -->
      </class> <!-- com.qmetry.qaf.automation.step.client.Scenario -->
    </test> <!-- BDD Test -->
  </suite> <!-- AppiumDemoContactManager.scenarios.suite1.bdd -->
</testng-results>
