<?xml version="1.0" encoding="UTF-8"?>
<!-- Generated by org.testng.reporters.JUnitXMLReporter -->
<testsuite hostname="ICPL11948" ignored="0" name="BDD Test" tests="1" failures="1" timestamp="08 May 2017 19:05:52 GMT" time="62.195" errors="0">
  <testcase name="Add New Contact" time="55.878" classname="com.qmetry.qaf.automation.step.client.Scenario">
    <failure type="java.lang.NullPointerException">
      <![CDATA[java.lang.NullPointerException
	at .Then verify contact '${new.contact}' is displayed in list(scenarios/suite1.bdd:12)
	at org.openqa.selenium.remote.RemoteWebDriver.findElement(RemoteWebDriver.java:365)
	at org.openqa.selenium.remote.RemoteWebDriver.findElementByXPath(RemoteWebDriver.java:500)
	at com.qmetry.qaf.automation.ui.webdriver.QAFExtendedWebDriver.findElementByXPath(QAFExtendedWebDriver.java:398)
	at com.qmetry.qaf.automation.ui.webdriver.QAFExtendedWebDriver.findElementByXPath(QAFExtendedWebDriver.java:1)
	at org.openqa.selenium.By$ByXPath.findElement(By.java:361)
	at org.openqa.selenium.remote.RemoteWebDriver.findElement(RemoteWebDriver.java:355)
	at com.qmetry.qaf.automation.ui.webdriver.QAFExtendedWebDriver.findElement(QAFExtendedWebDriver.java:169)
	at com.example.android.contactmanager.steps.StepsLibrary.isContactPresent(StepsLibrary.java:58)
	at com.example.android.contactmanager.steps.StepsLibrary.verifyContact_aroundBody6(StepsLibrary.java:37)
	at com.qmetry.qaf.automation.step.JavaStepReporter$MockJavaStep.doExecute(JavaStepReporter.java:138)
	at com.qmetry.qaf.automation.step.BaseTestStep.execute(BaseTestStep.java:149)
	at com.qmetry.qaf.automation.step.JavaStepReporter.javaTestStep(JavaStepReporter.java:88)
	at com.example.android.contactmanager.steps.StepsLibrary.verifyContact(StepsLibrary.java:35)
	at com.example.android.contactmanager.steps.StepsLibrary.verifyContactFromBean_aroundBody4(StepsLibrary.java:31)
	at com.qmetry.qaf.automation.step.JavaStepReporter.javaTestStep(JavaStepReporter.java:101)
	at com.example.android.contactmanager.steps.StepsLibrary.verifyContactFromBean(StepsLibrary.java:30)
	at com.qmetry.qaf.automation.step.JavaStep.doExecute(JavaStep.java:160)
	at com.qmetry.qaf.automation.step.BaseTestStep.execute(BaseTestStep.java:149)
	at com.qmetry.qaf.automation.step.StringTestStep.execute(StringTestStep.java:134)
	at com.qmetry.qaf.automation.step.client.Scenario.execute(Scenario.java:167)
	at com.qmetry.qaf.automation.step.client.Scenario.scenario(Scenario.java:219)
]]>
    </failure>
  </testcase> <!-- Add New Contact -->
</testsuite> <!-- BDD Test -->
